mode: set
be12/mentutor/features/login/services/logic.go:18.59,22.2 1 1
be12/mentutor/features/login/services/logic.go:24.81,29.32 1 1
be12/mentutor/features/login/services/logic.go:36.2,36.52 1 1
be12/mentutor/features/login/services/logic.go:43.2,48.35 4 1
be12/mentutor/features/login/services/logic.go:60.2,60.15 1 1
be12/mentutor/features/login/services/logic.go:73.2,77.18 2 1
be12/mentutor/features/login/services/logic.go:82.2,82.24 1 1
be12/mentutor/features/login/services/logic.go:98.2,100.24 2 1
be12/mentutor/features/login/services/logic.go:29.32,30.25 1 1
be12/mentutor/features/login/services/logic.go:30.25,33.4 2 1
be12/mentutor/features/login/services/logic.go:36.52,38.3 1 1
be12/mentutor/features/login/services/logic.go:38.8,38.103 1 1
be12/mentutor/features/login/services/logic.go:38.103,40.3 1 1
be12/mentutor/features/login/services/logic.go:48.35,49.33 1 1
be12/mentutor/features/login/services/logic.go:49.33,51.4 1 1
be12/mentutor/features/login/services/logic.go:51.9,51.40 1 1
be12/mentutor/features/login/services/logic.go:51.40,53.4 1 1
be12/mentutor/features/login/services/logic.go:53.9,53.41 1 1
be12/mentutor/features/login/services/logic.go:53.41,55.4 1 1
be12/mentutor/features/login/services/logic.go:55.9,57.4 1 1
be12/mentutor/features/login/services/logic.go:60.15,62.3 1 1
be12/mentutor/features/login/services/logic.go:62.8,62.22 1 1
be12/mentutor/features/login/services/logic.go:62.22,64.3 1 1
be12/mentutor/features/login/services/logic.go:64.8,64.23 1 1
be12/mentutor/features/login/services/logic.go:64.23,66.3 1 1
be12/mentutor/features/login/services/logic.go:66.8,66.22 1 1
be12/mentutor/features/login/services/logic.go:66.22,68.3 1 1
be12/mentutor/features/login/services/logic.go:68.8,68.64 1 1
be12/mentutor/features/login/services/logic.go:68.64,70.3 1 1
be12/mentutor/features/login/services/logic.go:77.18,79.3 1 1
be12/mentutor/features/login/services/logic.go:82.24,83.37 1 1
be12/mentutor/features/login/services/logic.go:83.37,86.4 2 1
be12/mentutor/features/login/services/logic.go:87.8,87.57 1 1
be12/mentutor/features/login/services/logic.go:87.57,91.19 3 1
be12/mentutor/features/login/services/logic.go:91.19,94.4 2 1
