mode: set
be12/mentutor/features/admin/services/logic.go:20.59,24.2 1 1
be12/mentutor/features/admin/services/logic.go:26.92,29.21 1 1
be12/mentutor/features/admin/services/logic.go:35.2,35.32 1 1
be12/mentutor/features/admin/services/logic.go:41.2,41.51 1 1
be12/mentutor/features/admin/services/logic.go:47.2,48.46 2 1
be12/mentutor/features/admin/services/logic.go:53.2,57.49 3 1
be12/mentutor/features/admin/services/logic.go:60.2,61.31 2 1
be12/mentutor/features/admin/services/logic.go:73.2,73.15 1 1
be12/mentutor/features/admin/services/logic.go:84.2,86.35 3 1
be12/mentutor/features/admin/services/logic.go:99.2,99.19 1 1
be12/mentutor/features/admin/services/logic.go:106.2,106.22 1 1
be12/mentutor/features/admin/services/logic.go:113.2,115.16 3 1
be12/mentutor/features/admin/services/logic.go:120.2,123.28 3 1
be12/mentutor/features/admin/services/logic.go:29.21,32.3 2 1
be12/mentutor/features/admin/services/logic.go:35.32,36.25 1 1
be12/mentutor/features/admin/services/logic.go:36.25,39.4 2 1
be12/mentutor/features/admin/services/logic.go:41.51,43.3 1 1
be12/mentutor/features/admin/services/logic.go:43.8,43.103 1 1
be12/mentutor/features/admin/services/logic.go:43.103,45.3 1 1
be12/mentutor/features/admin/services/logic.go:48.46,50.3 1 0
be12/mentutor/features/admin/services/logic.go:57.49,59.3 1 1
be12/mentutor/features/admin/services/logic.go:61.31,62.33 1 1
be12/mentutor/features/admin/services/logic.go:62.33,64.4 1 1
be12/mentutor/features/admin/services/logic.go:64.9,64.40 1 1
be12/mentutor/features/admin/services/logic.go:64.40,66.4 1 1
be12/mentutor/features/admin/services/logic.go:66.9,66.41 1 1
be12/mentutor/features/admin/services/logic.go:66.41,68.4 1 1
be12/mentutor/features/admin/services/logic.go:68.9,68.32 1 1
be12/mentutor/features/admin/services/logic.go:68.32,70.4 1 1
be12/mentutor/features/admin/services/logic.go:73.15,75.3 1 1
be12/mentutor/features/admin/services/logic.go:75.8,75.22 1 1
be12/mentutor/features/admin/services/logic.go:75.22,77.3 1 1
be12/mentutor/features/admin/services/logic.go:77.8,77.23 1 1
be12/mentutor/features/admin/services/logic.go:77.23,79.3 1 1
be12/mentutor/features/admin/services/logic.go:79.8,79.22 1 1
be12/mentutor/features/admin/services/logic.go:79.22,81.3 1 1
be12/mentutor/features/admin/services/logic.go:86.35,87.33 1 1
be12/mentutor/features/admin/services/logic.go:87.33,89.4 1 1
be12/mentutor/features/admin/services/logic.go:89.9,89.40 1 1
be12/mentutor/features/admin/services/logic.go:89.40,91.4 1 1
be12/mentutor/features/admin/services/logic.go:91.9,91.41 1 1
be12/mentutor/features/admin/services/logic.go:91.41,93.4 1 1
be12/mentutor/features/admin/services/logic.go:93.9,93.40 1 1
be12/mentutor/features/admin/services/logic.go:93.40,95.4 1 1
be12/mentutor/features/admin/services/logic.go:95.9,95.62 1 1
be12/mentutor/features/admin/services/logic.go:95.62,97.4 1 1
be12/mentutor/features/admin/services/logic.go:99.19,101.3 1 1
be12/mentutor/features/admin/services/logic.go:101.8,101.26 1 1
be12/mentutor/features/admin/services/logic.go:101.26,103.3 1 1
be12/mentutor/features/admin/services/logic.go:103.8,103.27 1 1
be12/mentutor/features/admin/services/logic.go:103.27,105.3 1 1
be12/mentutor/features/admin/services/logic.go:106.22,108.3 1 1
be12/mentutor/features/admin/services/logic.go:108.8,108.64 1 1
be12/mentutor/features/admin/services/logic.go:108.64,110.3 1 1
be12/mentutor/features/admin/services/logic.go:115.16,117.3 1 1
be12/mentutor/features/admin/services/logic.go:123.28,125.17 2 1
be12/mentutor/features/admin/services/logic.go:125.17,127.4 1 1
be12/mentutor/features/admin/services/logic.go:127.9,129.4 1 1
be12/mentutor/features/admin/services/logic.go:130.8,132.17 2 1
be12/mentutor/features/admin/services/logic.go:132.17,135.4 2 1
be12/mentutor/features/admin/services/logic.go:135.9,137.4 1 1
be12/mentutor/features/admin/services/logic.go:141.93,143.21 1 1
be12/mentutor/features/admin/services/logic.go:147.2,148.16 2 1
be12/mentutor/features/admin/services/logic.go:151.2,151.34 1 1
be12/mentutor/features/admin/services/logic.go:143.21,145.3 1 1
be12/mentutor/features/admin/services/logic.go:148.16,150.3 1 1
be12/mentutor/features/admin/services/logic.go:154.98,156.21 1 1
be12/mentutor/features/admin/services/logic.go:160.2,160.59 1 1
be12/mentutor/features/admin/services/logic.go:164.2,165.36 2 1
be12/mentutor/features/admin/services/logic.go:178.2,178.15 1 1
be12/mentutor/features/admin/services/logic.go:182.2,183.16 2 1
be12/mentutor/features/admin/services/logic.go:188.2,188.17 1 0
be12/mentutor/features/admin/services/logic.go:156.21,158.3 1 1
be12/mentutor/features/admin/services/logic.go:160.59,162.3 1 1
be12/mentutor/features/admin/services/logic.go:165.36,166.33 1 1
be12/mentutor/features/admin/services/logic.go:171.3,172.17 2 1
be12/mentutor/features/admin/services/logic.go:166.33,168.4 1 0
be12/mentutor/features/admin/services/logic.go:168.9,168.30 1 1
be12/mentutor/features/admin/services/logic.go:168.30,170.4 1 0
be12/mentutor/features/admin/services/logic.go:172.17,175.4 2 0
be12/mentutor/features/admin/services/logic.go:178.15,180.3 1 0
be12/mentutor/features/admin/services/logic.go:183.16,185.3 1 1
be12/mentutor/features/admin/services/logic.go:185.8,185.29 1 0
be12/mentutor/features/admin/services/logic.go:185.29,187.3 1 0
be12/mentutor/features/admin/services/logic.go:191.77,193.21 1 1
be12/mentutor/features/admin/services/logic.go:197.2,198.16 2 1
be12/mentutor/features/admin/services/logic.go:202.2,202.17 1 1
be12/mentutor/features/admin/services/logic.go:193.21,195.3 1 1
be12/mentutor/features/admin/services/logic.go:198.16,200.3 1 1
be12/mentutor/features/admin/services/logic.go:205.100,209.111 2 1
be12/mentutor/features/admin/services/logic.go:214.2,214.25 1 1
be12/mentutor/features/admin/services/logic.go:233.2,233.22 1 1
be12/mentutor/features/admin/services/logic.go:267.2,267.23 1 1
be12/mentutor/features/admin/services/logic.go:294.2,294.26 1 1
be12/mentutor/features/admin/services/logic.go:328.2,328.24 1 1
be12/mentutor/features/admin/services/logic.go:338.2,338.26 1 1
be12/mentutor/features/admin/services/logic.go:354.2,354.55 1 0
be12/mentutor/features/admin/services/logic.go:209.111,211.3 1 0
be12/mentutor/features/admin/services/logic.go:214.25,216.17 2 1
be12/mentutor/features/admin/services/logic.go:221.3,221.13 1 1
be12/mentutor/features/admin/services/logic.go:216.17,218.4 1 0
be12/mentutor/features/admin/services/logic.go:218.9,218.29 1 1
be12/mentutor/features/admin/services/logic.go:218.29,220.4 1 0
be12/mentutor/features/admin/services/logic.go:222.8,222.33 1 1
be12/mentutor/features/admin/services/logic.go:222.33,224.17 2 1
be12/mentutor/features/admin/services/logic.go:229.3,229.13 1 1
be12/mentutor/features/admin/services/logic.go:224.17,226.4 1 0
be12/mentutor/features/admin/services/logic.go:226.9,226.29 1 1
be12/mentutor/features/admin/services/logic.go:226.29,228.4 1 0
be12/mentutor/features/admin/services/logic.go:233.22,234.50 1 1
be12/mentutor/features/admin/services/logic.go:237.3,238.32 2 1
be12/mentutor/features/admin/services/logic.go:251.3,251.16 1 1
be12/mentutor/features/admin/services/logic.go:234.50,236.4 1 1
be12/mentutor/features/admin/services/logic.go:238.32,239.34 1 1
be12/mentutor/features/admin/services/logic.go:239.34,241.5 1 1
be12/mentutor/features/admin/services/logic.go:241.10,241.41 1 1
be12/mentutor/features/admin/services/logic.go:241.41,243.5 1 1
be12/mentutor/features/admin/services/logic.go:243.10,243.42 1 1
be12/mentutor/features/admin/services/logic.go:243.42,245.5 1 1
be12/mentutor/features/admin/services/logic.go:245.10,245.33 1 1
be12/mentutor/features/admin/services/logic.go:245.33,247.5 1 1
be12/mentutor/features/admin/services/logic.go:247.10,247.33 1 1
be12/mentutor/features/admin/services/logic.go:247.33,249.5 1 1
be12/mentutor/features/admin/services/logic.go:251.16,253.4 1 1
be12/mentutor/features/admin/services/logic.go:253.9,253.23 1 1
be12/mentutor/features/admin/services/logic.go:253.23,255.4 1 1
be12/mentutor/features/admin/services/logic.go:255.9,255.24 1 1
be12/mentutor/features/admin/services/logic.go:255.24,257.4 1 1
be12/mentutor/features/admin/services/logic.go:257.9,257.23 1 1
be12/mentutor/features/admin/services/logic.go:257.23,259.4 1 1
be12/mentutor/features/admin/services/logic.go:259.9,259.23 1 1
be12/mentutor/features/admin/services/logic.go:259.23,261.4 1 1
be12/mentutor/features/admin/services/logic.go:262.8,264.3 1 0
be12/mentutor/features/admin/services/logic.go:267.23,268.33 1 1
be12/mentutor/features/admin/services/logic.go:274.3,276.52 3 1
be12/mentutor/features/admin/services/logic.go:281.3,282.47 2 1
be12/mentutor/features/admin/services/logic.go:285.3,286.20 2 1
be12/mentutor/features/admin/services/logic.go:268.33,269.26 1 1
be12/mentutor/features/admin/services/logic.go:269.26,272.5 2 1
be12/mentutor/features/admin/services/logic.go:276.52,278.4 1 1
be12/mentutor/features/admin/services/logic.go:278.9,278.52 1 1
be12/mentutor/features/admin/services/logic.go:278.52,280.4 1 1
be12/mentutor/features/admin/services/logic.go:282.47,284.4 1 0
be12/mentutor/features/admin/services/logic.go:288.8,291.3 2 0
be12/mentutor/features/admin/services/logic.go:294.26,297.36 3 1
be12/mentutor/features/admin/services/logic.go:310.3,310.20 1 1
be12/mentutor/features/admin/services/logic.go:317.3,317.23 1 1
be12/mentutor/features/admin/services/logic.go:323.3,324.36 2 1
be12/mentutor/features/admin/services/logic.go:297.36,298.34 1 1
be12/mentutor/features/admin/services/logic.go:298.34,300.5 1 1
be12/mentutor/features/admin/services/logic.go:300.10,300.41 1 1
be12/mentutor/features/admin/services/logic.go:300.41,302.5 1 1
be12/mentutor/features/admin/services/logic.go:302.10,302.42 1 1
be12/mentutor/features/admin/services/logic.go:302.42,304.5 1 1
be12/mentutor/features/admin/services/logic.go:304.10,304.41 1 1
be12/mentutor/features/admin/services/logic.go:304.41,306.5 1 1
be12/mentutor/features/admin/services/logic.go:306.10,306.57 1 1
be12/mentutor/features/admin/services/logic.go:306.57,308.5 1 1
be12/mentutor/features/admin/services/logic.go:310.20,312.4 1 1
be12/mentutor/features/admin/services/logic.go:312.9,312.27 1 1
be12/mentutor/features/admin/services/logic.go:312.27,314.4 1 1
be12/mentutor/features/admin/services/logic.go:314.9,314.28 1 1
be12/mentutor/features/admin/services/logic.go:314.28,316.4 1 1
be12/mentutor/features/admin/services/logic.go:317.23,319.4 1 1
be12/mentutor/features/admin/services/logic.go:319.9,319.65 1 1
be12/mentutor/features/admin/services/logic.go:319.65,321.4 1 1
be12/mentutor/features/admin/services/logic.go:328.24,330.3 1 1
be12/mentutor/features/admin/services/logic.go:330.8,330.31 1 1
be12/mentutor/features/admin/services/logic.go:330.31,333.17 3 1
be12/mentutor/features/admin/services/logic.go:333.17,335.4 1 1
be12/mentutor/features/admin/services/logic.go:338.26,340.17 2 1
be12/mentutor/features/admin/services/logic.go:344.3,344.18 1 1
be12/mentutor/features/admin/services/logic.go:340.17,342.4 1 0
be12/mentutor/features/admin/services/logic.go:345.8,345.32 1 1
be12/mentutor/features/admin/services/logic.go:345.32,347.17 2 1
be12/mentutor/features/admin/services/logic.go:347.17,350.4 2 0
be12/mentutor/features/admin/services/logic.go:350.9,352.4 1 1
be12/mentutor/features/admin/services/logic.go:357.64,359.21 1 1
be12/mentutor/features/admin/services/logic.go:363.2,363.15 1 1
be12/mentutor/features/admin/services/logic.go:377.2,377.40 1 0
be12/mentutor/features/admin/services/logic.go:359.21,361.3 1 1
be12/mentutor/features/admin/services/logic.go:363.15,365.17 2 1
be12/mentutor/features/admin/services/logic.go:369.3,369.13 1 1
be12/mentutor/features/admin/services/logic.go:365.17,368.4 2 1
be12/mentutor/features/admin/services/logic.go:370.8,370.23 1 1
be12/mentutor/features/admin/services/logic.go:370.23,372.17 2 1
be12/mentutor/features/admin/services/logic.go:375.3,375.13 1 1
be12/mentutor/features/admin/services/logic.go:372.17,374.4 1 1
be12/mentutor/features/admin/services/logic.go:380.85,382.15 1 1
be12/mentutor/features/admin/services/logic.go:401.2,401.59 1 0
be12/mentutor/features/admin/services/logic.go:382.15,384.17 2 1
be12/mentutor/features/admin/services/logic.go:387.3,387.22 1 1
be12/mentutor/features/admin/services/logic.go:390.3,390.18 1 1
be12/mentutor/features/admin/services/logic.go:384.17,386.4 1 1
be12/mentutor/features/admin/services/logic.go:387.22,389.4 1 0
be12/mentutor/features/admin/services/logic.go:391.8,391.23 1 1
be12/mentutor/features/admin/services/logic.go:391.23,393.17 2 1
be12/mentutor/features/admin/services/logic.go:396.3,396.22 1 1
be12/mentutor/features/admin/services/logic.go:399.3,399.18 1 1
be12/mentutor/features/admin/services/logic.go:393.17,395.4 1 1
be12/mentutor/features/admin/services/logic.go:396.22,398.4 1 0
be12/mentutor/features/admin/services/logic.go:404.98,406.21 1 1
be12/mentutor/features/admin/services/logic.go:411.2,411.75 1 1
be12/mentutor/features/admin/services/logic.go:415.2,416.36 2 1
be12/mentutor/features/admin/services/logic.go:428.2,428.15 1 1
be12/mentutor/features/admin/services/logic.go:433.2,434.16 2 1
be12/mentutor/features/admin/services/logic.go:438.2,438.24 1 1
be12/mentutor/features/admin/services/logic.go:442.2,442.27 1 1
be12/mentutor/features/admin/services/logic.go:446.2,447.16 2 1
be12/mentutor/features/admin/services/logic.go:450.2,450.17 1 1
be12/mentutor/features/admin/services/logic.go:406.21,408.3 1 1
be12/mentutor/features/admin/services/logic.go:411.75,413.3 1 0
be12/mentutor/features/admin/services/logic.go:416.36,417.33 1 1
be12/mentutor/features/admin/services/logic.go:422.3,423.17 2 1
be12/mentutor/features/admin/services/logic.go:417.33,419.4 1 0
be12/mentutor/features/admin/services/logic.go:419.9,419.30 1 1
be12/mentutor/features/admin/services/logic.go:419.30,421.4 1 0
be12/mentutor/features/admin/services/logic.go:423.17,425.4 1 0
be12/mentutor/features/admin/services/logic.go:428.15,430.3 1 0
be12/mentutor/features/admin/services/logic.go:434.16,436.3 1 0
be12/mentutor/features/admin/services/logic.go:438.24,440.3 1 0
be12/mentutor/features/admin/services/logic.go:442.27,444.3 1 0
be12/mentutor/features/admin/services/logic.go:447.16,449.3 1 1
be12/mentutor/features/admin/services/logic.go:453.65,455.21 1 1
be12/mentutor/features/admin/services/logic.go:459.2,460.16 2 1
be12/mentutor/features/admin/services/logic.go:463.2,463.12 1 1
be12/mentutor/features/admin/services/logic.go:455.21,457.3 1 1
be12/mentutor/features/admin/services/logic.go:460.16,462.3 1 1
