mode: set
be12/mentutor/features/login/services/logic.go:18.59,22.2 1 1
be12/mentutor/features/login/services/logic.go:24.81,29.32 1 1
be12/mentutor/features/login/services/logic.go:36.2,36.52 1 1
be12/mentutor/features/login/services/logic.go:43.2,44.35 2 1
be12/mentutor/features/login/services/logic.go:56.2,56.15 1 1
be12/mentutor/features/login/services/logic.go:69.2,73.18 2 1
be12/mentutor/features/login/services/logic.go:78.2,78.24 1 1
be12/mentutor/features/login/services/logic.go:94.2,96.24 2 1
be12/mentutor/features/login/services/logic.go:29.32,30.25 1 1
be12/mentutor/features/login/services/logic.go:30.25,33.4 2 1
be12/mentutor/features/login/services/logic.go:36.52,38.3 1 1
be12/mentutor/features/login/services/logic.go:38.8,38.103 1 1
be12/mentutor/features/login/services/logic.go:38.103,40.3 1 1
be12/mentutor/features/login/services/logic.go:44.35,45.33 1 1
be12/mentutor/features/login/services/logic.go:45.33,47.4 1 1
be12/mentutor/features/login/services/logic.go:47.9,47.40 1 1
be12/mentutor/features/login/services/logic.go:47.40,49.4 1 1
be12/mentutor/features/login/services/logic.go:49.9,49.41 1 1
be12/mentutor/features/login/services/logic.go:49.41,51.4 1 1
be12/mentutor/features/login/services/logic.go:51.9,53.4 1 1
be12/mentutor/features/login/services/logic.go:56.15,58.3 1 1
be12/mentutor/features/login/services/logic.go:58.8,58.22 1 1
be12/mentutor/features/login/services/logic.go:58.22,60.3 1 1
be12/mentutor/features/login/services/logic.go:60.8,60.23 1 1
be12/mentutor/features/login/services/logic.go:60.23,62.3 1 1
be12/mentutor/features/login/services/logic.go:62.8,62.22 1 1
be12/mentutor/features/login/services/logic.go:62.22,64.3 1 1
be12/mentutor/features/login/services/logic.go:64.8,64.64 1 1
be12/mentutor/features/login/services/logic.go:64.64,66.3 1 1
be12/mentutor/features/login/services/logic.go:73.18,75.3 1 1
be12/mentutor/features/login/services/logic.go:78.24,79.37 1 1
be12/mentutor/features/login/services/logic.go:79.37,82.4 2 1
be12/mentutor/features/login/services/logic.go:83.8,83.57 1 1
be12/mentutor/features/login/services/logic.go:83.57,87.19 3 1
be12/mentutor/features/login/services/logic.go:87.19,90.4 2 1
