mode: set
be12/mentutor/features/login/services/logic.go:18.59,22.2 1 1
be12/mentutor/features/login/services/logic.go:24.81,29.32 1 1
be12/mentutor/features/login/services/logic.go:36.2,36.52 1 1
be12/mentutor/features/login/services/logic.go:43.2,48.35 4 1
be12/mentutor/features/login/services/logic.go:60.2,60.15 1 1
be12/mentutor/features/login/services/logic.go:73.2,76.17 2 1
be12/mentutor/features/login/services/logic.go:81.2,81.25 1 1
be12/mentutor/features/login/services/logic.go:97.2,99.24 2 1
be12/mentutor/features/login/services/logic.go:29.32,30.25 1 1
be12/mentutor/features/login/services/logic.go:30.25,33.4 2 1
be12/mentutor/features/login/services/logic.go:36.52,38.3 1 1
be12/mentutor/features/login/services/logic.go:38.8,38.103 1 1
be12/mentutor/features/login/services/logic.go:38.103,40.3 1 1
be12/mentutor/features/login/services/logic.go:48.35,49.33 1 1
be12/mentutor/features/login/services/logic.go:49.33,51.4 1 1
be12/mentutor/features/login/services/logic.go:51.9,51.40 1 1
be12/mentutor/features/login/services/logic.go:51.40,53.4 1 1
be12/mentutor/features/login/services/logic.go:53.9,53.41 1 1
be12/mentutor/features/login/services/logic.go:53.41,55.4 1 1
be12/mentutor/features/login/services/logic.go:55.9,57.4 1 1
be12/mentutor/features/login/services/logic.go:60.15,62.3 1 1
be12/mentutor/features/login/services/logic.go:62.8,62.22 1 1
be12/mentutor/features/login/services/logic.go:62.22,64.3 1 1
be12/mentutor/features/login/services/logic.go:64.8,64.23 1 1
be12/mentutor/features/login/services/logic.go:64.23,66.3 1 1
be12/mentutor/features/login/services/logic.go:66.8,66.22 1 1
be12/mentutor/features/login/services/logic.go:66.22,68.3 1 1
be12/mentutor/features/login/services/logic.go:68.8,68.64 1 1
be12/mentutor/features/login/services/logic.go:68.64,70.3 1 1
be12/mentutor/features/login/services/logic.go:76.17,78.3 1 1
be12/mentutor/features/login/services/logic.go:81.25,82.37 1 1
be12/mentutor/features/login/services/logic.go:82.37,85.4 2 1
be12/mentutor/features/login/services/logic.go:86.8,86.57 1 1
be12/mentutor/features/login/services/logic.go:86.57,90.19 3 1
be12/mentutor/features/login/services/logic.go:90.19,93.4 2 1
be12/mentutor/features/login/services/logic.go:102.48,105.16 2 1
be12/mentutor/features/login/services/logic.go:108.2,108.12 1 1
be12/mentutor/features/login/services/logic.go:105.16,107.3 1 1
be12/mentutor/features/login/services/logic.go:111.56,113.16 2 1
be12/mentutor/features/login/services/logic.go:116.2,116.12 1 1
be12/mentutor/features/login/services/logic.go:113.16,115.3 1 1
