mode: set
be12/mentutor/features/admin/services/logic.go:20.59,24.2 1 1
be12/mentutor/features/admin/services/logic.go:26.92,29.21 1 1
be12/mentutor/features/admin/services/logic.go:35.2,35.32 1 1
be12/mentutor/features/admin/services/logic.go:41.2,41.51 1 1
be12/mentutor/features/admin/services/logic.go:47.2,48.46 2 1
be12/mentutor/features/admin/services/logic.go:53.2,57.49 3 1
be12/mentutor/features/admin/services/logic.go:60.2,61.31 2 1
be12/mentutor/features/admin/services/logic.go:73.2,73.15 1 1
be12/mentutor/features/admin/services/logic.go:84.2,86.35 3 1
be12/mentutor/features/admin/services/logic.go:99.2,99.19 1 1
be12/mentutor/features/admin/services/logic.go:106.2,106.22 1 1
be12/mentutor/features/admin/services/logic.go:113.2,115.16 3 1
be12/mentutor/features/admin/services/logic.go:120.2,123.28 3 1
be12/mentutor/features/admin/services/logic.go:29.21,32.3 2 1
be12/mentutor/features/admin/services/logic.go:35.32,36.25 1 1
be12/mentutor/features/admin/services/logic.go:36.25,39.4 2 1
be12/mentutor/features/admin/services/logic.go:41.51,43.3 1 1
be12/mentutor/features/admin/services/logic.go:43.8,43.103 1 1
be12/mentutor/features/admin/services/logic.go:43.103,45.3 1 1
be12/mentutor/features/admin/services/logic.go:48.46,50.3 1 0
be12/mentutor/features/admin/services/logic.go:57.49,59.3 1 1
be12/mentutor/features/admin/services/logic.go:61.31,62.33 1 1
be12/mentutor/features/admin/services/logic.go:62.33,64.4 1 1
be12/mentutor/features/admin/services/logic.go:64.9,64.40 1 1
be12/mentutor/features/admin/services/logic.go:64.40,66.4 1 1
be12/mentutor/features/admin/services/logic.go:66.9,66.41 1 1
be12/mentutor/features/admin/services/logic.go:66.41,68.4 1 1
be12/mentutor/features/admin/services/logic.go:68.9,68.32 1 1
be12/mentutor/features/admin/services/logic.go:68.32,70.4 1 1
be12/mentutor/features/admin/services/logic.go:73.15,75.3 1 1
be12/mentutor/features/admin/services/logic.go:75.8,75.22 1 1
be12/mentutor/features/admin/services/logic.go:75.22,77.3 1 1
be12/mentutor/features/admin/services/logic.go:77.8,77.23 1 1
be12/mentutor/features/admin/services/logic.go:77.23,79.3 1 1
be12/mentutor/features/admin/services/logic.go:79.8,79.22 1 1
be12/mentutor/features/admin/services/logic.go:79.22,81.3 1 1
be12/mentutor/features/admin/services/logic.go:86.35,87.33 1 1
be12/mentutor/features/admin/services/logic.go:87.33,89.4 1 1
be12/mentutor/features/admin/services/logic.go:89.9,89.40 1 1
be12/mentutor/features/admin/services/logic.go:89.40,91.4 1 1
be12/mentutor/features/admin/services/logic.go:91.9,91.41 1 1
be12/mentutor/features/admin/services/logic.go:91.41,93.4 1 1
be12/mentutor/features/admin/services/logic.go:93.9,93.40 1 1
be12/mentutor/features/admin/services/logic.go:93.40,95.4 1 1
be12/mentutor/features/admin/services/logic.go:95.9,95.62 1 1
be12/mentutor/features/admin/services/logic.go:95.62,97.4 1 1
be12/mentutor/features/admin/services/logic.go:99.19,101.3 1 1
be12/mentutor/features/admin/services/logic.go:101.8,101.26 1 1
be12/mentutor/features/admin/services/logic.go:101.26,103.3 1 1
be12/mentutor/features/admin/services/logic.go:103.8,103.27 1 1
be12/mentutor/features/admin/services/logic.go:103.27,105.3 1 1
be12/mentutor/features/admin/services/logic.go:106.22,108.3 1 1
be12/mentutor/features/admin/services/logic.go:108.8,108.64 1 1
be12/mentutor/features/admin/services/logic.go:108.64,110.3 1 1
be12/mentutor/features/admin/services/logic.go:115.16,117.3 1 1
be12/mentutor/features/admin/services/logic.go:123.28,125.17 2 1
be12/mentutor/features/admin/services/logic.go:125.17,127.4 1 1
be12/mentutor/features/admin/services/logic.go:127.9,129.4 1 1
be12/mentutor/features/admin/services/logic.go:130.8,132.17 2 1
be12/mentutor/features/admin/services/logic.go:132.17,135.4 2 1
be12/mentutor/features/admin/services/logic.go:135.9,137.4 1 1
be12/mentutor/features/admin/services/logic.go:141.93,143.21 1 1
be12/mentutor/features/admin/services/logic.go:147.2,148.16 2 1
be12/mentutor/features/admin/services/logic.go:151.2,151.34 1 1
be12/mentutor/features/admin/services/logic.go:143.21,145.3 1 1
be12/mentutor/features/admin/services/logic.go:148.16,150.3 1 1
be12/mentutor/features/admin/services/logic.go:154.98,156.21 1 1
be12/mentutor/features/admin/services/logic.go:160.2,160.59 1 1
be12/mentutor/features/admin/services/logic.go:164.2,165.36 2 1
be12/mentutor/features/admin/services/logic.go:178.2,178.15 1 1
be12/mentutor/features/admin/services/logic.go:182.2,183.16 2 1
be12/mentutor/features/admin/services/logic.go:188.2,188.17 1 0
be12/mentutor/features/admin/services/logic.go:156.21,158.3 1 1
be12/mentutor/features/admin/services/logic.go:160.59,162.3 1 0
be12/mentutor/features/admin/services/logic.go:165.36,166.33 1 1
be12/mentutor/features/admin/services/logic.go:171.3,172.17 2 1
be12/mentutor/features/admin/services/logic.go:166.33,168.4 1 0
be12/mentutor/features/admin/services/logic.go:168.9,168.30 1 1
be12/mentutor/features/admin/services/logic.go:168.30,170.4 1 0
be12/mentutor/features/admin/services/logic.go:172.17,175.4 2 0
be12/mentutor/features/admin/services/logic.go:178.15,180.3 1 0
be12/mentutor/features/admin/services/logic.go:183.16,185.3 1 1
be12/mentutor/features/admin/services/logic.go:185.8,185.29 1 0
be12/mentutor/features/admin/services/logic.go:185.29,187.3 1 0
be12/mentutor/features/admin/services/logic.go:191.77,193.21 1 1
be12/mentutor/features/admin/services/logic.go:197.2,198.16 2 1
be12/mentutor/features/admin/services/logic.go:202.2,202.17 1 1
be12/mentutor/features/admin/services/logic.go:193.21,195.3 1 1
be12/mentutor/features/admin/services/logic.go:198.16,200.3 1 1
be12/mentutor/features/admin/services/logic.go:205.100,207.21 1 1
be12/mentutor/features/admin/services/logic.go:211.2,214.111 2 1
be12/mentutor/features/admin/services/logic.go:219.2,219.25 1 1
be12/mentutor/features/admin/services/logic.go:238.2,238.22 1 1
be12/mentutor/features/admin/services/logic.go:272.2,272.23 1 1
be12/mentutor/features/admin/services/logic.go:299.2,299.26 1 1
be12/mentutor/features/admin/services/logic.go:333.2,333.24 1 1
be12/mentutor/features/admin/services/logic.go:343.2,343.26 1 1
be12/mentutor/features/admin/services/logic.go:359.2,359.55 1 0
be12/mentutor/features/admin/services/logic.go:207.21,209.3 1 1
be12/mentutor/features/admin/services/logic.go:214.111,216.3 1 0
be12/mentutor/features/admin/services/logic.go:219.25,221.17 2 1
be12/mentutor/features/admin/services/logic.go:226.3,226.13 1 1
be12/mentutor/features/admin/services/logic.go:221.17,223.4 1 0
be12/mentutor/features/admin/services/logic.go:223.9,223.29 1 1
be12/mentutor/features/admin/services/logic.go:223.29,225.4 1 0
be12/mentutor/features/admin/services/logic.go:227.8,227.33 1 1
be12/mentutor/features/admin/services/logic.go:227.33,229.17 2 1
be12/mentutor/features/admin/services/logic.go:234.3,234.13 1 1
be12/mentutor/features/admin/services/logic.go:229.17,231.4 1 0
be12/mentutor/features/admin/services/logic.go:231.9,231.29 1 1
be12/mentutor/features/admin/services/logic.go:231.29,233.4 1 0
be12/mentutor/features/admin/services/logic.go:238.22,239.50 1 1
be12/mentutor/features/admin/services/logic.go:242.3,243.32 2 1
be12/mentutor/features/admin/services/logic.go:256.3,256.16 1 1
be12/mentutor/features/admin/services/logic.go:239.50,241.4 1 1
be12/mentutor/features/admin/services/logic.go:243.32,244.34 1 1
be12/mentutor/features/admin/services/logic.go:244.34,246.5 1 1
be12/mentutor/features/admin/services/logic.go:246.10,246.41 1 1
be12/mentutor/features/admin/services/logic.go:246.41,248.5 1 1
be12/mentutor/features/admin/services/logic.go:248.10,248.42 1 1
be12/mentutor/features/admin/services/logic.go:248.42,250.5 1 1
be12/mentutor/features/admin/services/logic.go:250.10,250.33 1 1
be12/mentutor/features/admin/services/logic.go:250.33,252.5 1 1
be12/mentutor/features/admin/services/logic.go:252.10,252.33 1 1
be12/mentutor/features/admin/services/logic.go:252.33,254.5 1 1
be12/mentutor/features/admin/services/logic.go:256.16,258.4 1 1
be12/mentutor/features/admin/services/logic.go:258.9,258.23 1 1
be12/mentutor/features/admin/services/logic.go:258.23,260.4 1 1
be12/mentutor/features/admin/services/logic.go:260.9,260.24 1 1
be12/mentutor/features/admin/services/logic.go:260.24,262.4 1 1
be12/mentutor/features/admin/services/logic.go:262.9,262.23 1 1
be12/mentutor/features/admin/services/logic.go:262.23,264.4 1 1
be12/mentutor/features/admin/services/logic.go:264.9,264.23 1 1
be12/mentutor/features/admin/services/logic.go:264.23,266.4 1 1
be12/mentutor/features/admin/services/logic.go:267.8,269.3 1 0
be12/mentutor/features/admin/services/logic.go:272.23,273.33 1 1
be12/mentutor/features/admin/services/logic.go:279.3,281.52 3 1
be12/mentutor/features/admin/services/logic.go:286.3,287.47 2 1
be12/mentutor/features/admin/services/logic.go:290.3,291.20 2 1
be12/mentutor/features/admin/services/logic.go:273.33,274.26 1 1
be12/mentutor/features/admin/services/logic.go:274.26,277.5 2 1
be12/mentutor/features/admin/services/logic.go:281.52,283.4 1 1
be12/mentutor/features/admin/services/logic.go:283.9,283.52 1 1
be12/mentutor/features/admin/services/logic.go:283.52,285.4 1 1
be12/mentutor/features/admin/services/logic.go:287.47,289.4 1 0
be12/mentutor/features/admin/services/logic.go:293.8,296.3 2 0
be12/mentutor/features/admin/services/logic.go:299.26,302.36 3 1
be12/mentutor/features/admin/services/logic.go:315.3,315.20 1 1
be12/mentutor/features/admin/services/logic.go:322.3,322.23 1 1
be12/mentutor/features/admin/services/logic.go:328.3,329.36 2 1
be12/mentutor/features/admin/services/logic.go:302.36,303.34 1 1
be12/mentutor/features/admin/services/logic.go:303.34,305.5 1 1
be12/mentutor/features/admin/services/logic.go:305.10,305.41 1 1
be12/mentutor/features/admin/services/logic.go:305.41,307.5 1 1
be12/mentutor/features/admin/services/logic.go:307.10,307.42 1 1
be12/mentutor/features/admin/services/logic.go:307.42,309.5 1 1
be12/mentutor/features/admin/services/logic.go:309.10,309.41 1 1
be12/mentutor/features/admin/services/logic.go:309.41,311.5 1 1
be12/mentutor/features/admin/services/logic.go:311.10,311.57 1 1
be12/mentutor/features/admin/services/logic.go:311.57,313.5 1 1
be12/mentutor/features/admin/services/logic.go:315.20,317.4 1 1
be12/mentutor/features/admin/services/logic.go:317.9,317.27 1 1
be12/mentutor/features/admin/services/logic.go:317.27,319.4 1 1
be12/mentutor/features/admin/services/logic.go:319.9,319.28 1 1
be12/mentutor/features/admin/services/logic.go:319.28,321.4 1 1
be12/mentutor/features/admin/services/logic.go:322.23,324.4 1 1
be12/mentutor/features/admin/services/logic.go:324.9,324.65 1 1
be12/mentutor/features/admin/services/logic.go:324.65,326.4 1 1
be12/mentutor/features/admin/services/logic.go:333.24,335.3 1 1
be12/mentutor/features/admin/services/logic.go:335.8,335.31 1 1
be12/mentutor/features/admin/services/logic.go:335.31,338.17 3 1
be12/mentutor/features/admin/services/logic.go:338.17,340.4 1 1
be12/mentutor/features/admin/services/logic.go:343.26,345.17 2 1
be12/mentutor/features/admin/services/logic.go:349.3,349.18 1 1
be12/mentutor/features/admin/services/logic.go:345.17,347.4 1 0
be12/mentutor/features/admin/services/logic.go:350.8,350.32 1 1
be12/mentutor/features/admin/services/logic.go:350.32,352.17 2 1
be12/mentutor/features/admin/services/logic.go:352.17,355.4 2 0
be12/mentutor/features/admin/services/logic.go:355.9,357.4 1 1
be12/mentutor/features/admin/services/logic.go:362.64,364.21 1 1
be12/mentutor/features/admin/services/logic.go:368.2,368.15 1 1
be12/mentutor/features/admin/services/logic.go:382.2,382.40 1 0
be12/mentutor/features/admin/services/logic.go:364.21,366.3 1 1
be12/mentutor/features/admin/services/logic.go:368.15,370.17 2 1
be12/mentutor/features/admin/services/logic.go:374.3,374.13 1 1
be12/mentutor/features/admin/services/logic.go:370.17,373.4 2 1
be12/mentutor/features/admin/services/logic.go:375.8,375.23 1 1
be12/mentutor/features/admin/services/logic.go:375.23,377.17 2 1
be12/mentutor/features/admin/services/logic.go:380.3,380.13 1 1
be12/mentutor/features/admin/services/logic.go:377.17,379.4 1 1
be12/mentutor/features/admin/services/logic.go:385.85,387.15 1 1
be12/mentutor/features/admin/services/logic.go:406.2,406.58 1 0
be12/mentutor/features/admin/services/logic.go:387.15,389.17 2 1
be12/mentutor/features/admin/services/logic.go:392.3,392.22 1 1
be12/mentutor/features/admin/services/logic.go:395.3,395.18 1 1
be12/mentutor/features/admin/services/logic.go:389.17,391.4 1 1
be12/mentutor/features/admin/services/logic.go:392.22,394.4 1 0
be12/mentutor/features/admin/services/logic.go:396.8,396.23 1 1
be12/mentutor/features/admin/services/logic.go:396.23,398.17 2 1
be12/mentutor/features/admin/services/logic.go:401.3,401.22 1 1
be12/mentutor/features/admin/services/logic.go:404.3,404.18 1 1
be12/mentutor/features/admin/services/logic.go:398.17,400.4 1 1
be12/mentutor/features/admin/services/logic.go:401.22,403.4 1 0
be12/mentutor/features/admin/services/logic.go:409.98,411.21 1 1
be12/mentutor/features/admin/services/logic.go:416.2,416.75 1 1
be12/mentutor/features/admin/services/logic.go:420.2,421.36 2 1
be12/mentutor/features/admin/services/logic.go:433.2,433.15 1 1
be12/mentutor/features/admin/services/logic.go:438.2,439.16 2 1
be12/mentutor/features/admin/services/logic.go:443.2,443.24 1 1
be12/mentutor/features/admin/services/logic.go:447.2,447.27 1 1
be12/mentutor/features/admin/services/logic.go:451.2,452.16 2 1
be12/mentutor/features/admin/services/logic.go:455.2,455.17 1 1
be12/mentutor/features/admin/services/logic.go:411.21,413.3 1 1
be12/mentutor/features/admin/services/logic.go:416.75,418.3 1 0
be12/mentutor/features/admin/services/logic.go:421.36,422.33 1 1
be12/mentutor/features/admin/services/logic.go:427.3,428.17 2 1
be12/mentutor/features/admin/services/logic.go:422.33,424.4 1 0
be12/mentutor/features/admin/services/logic.go:424.9,424.30 1 1
be12/mentutor/features/admin/services/logic.go:424.30,426.4 1 0
be12/mentutor/features/admin/services/logic.go:428.17,430.4 1 0
be12/mentutor/features/admin/services/logic.go:433.15,435.3 1 0
be12/mentutor/features/admin/services/logic.go:439.16,441.3 1 0
be12/mentutor/features/admin/services/logic.go:443.24,445.3 1 0
be12/mentutor/features/admin/services/logic.go:447.27,449.3 1 0
be12/mentutor/features/admin/services/logic.go:452.16,454.3 1 1
be12/mentutor/features/admin/services/logic.go:458.65,460.21 1 1
be12/mentutor/features/admin/services/logic.go:464.2,465.16 2 1
be12/mentutor/features/admin/services/logic.go:468.2,468.12 1 1
be12/mentutor/features/admin/services/logic.go:460.21,462.3 1 1
be12/mentutor/features/admin/services/logic.go:465.16,467.3 1 1
