mode: set
be12/mentutor/features/admin/services/logic.go:19.59,23.2 1 1
be12/mentutor/features/admin/services/logic.go:25.92,28.21 1 1
be12/mentutor/features/admin/services/logic.go:34.2,34.32 1 1
be12/mentutor/features/admin/services/logic.go:40.2,40.52 1 1
be12/mentutor/features/admin/services/logic.go:47.2,47.48 1 1
be12/mentutor/features/admin/services/logic.go:50.2,51.31 2 1
be12/mentutor/features/admin/services/logic.go:63.2,63.15 1 1
be12/mentutor/features/admin/services/logic.go:75.2,77.35 3 1
be12/mentutor/features/admin/services/logic.go:90.2,90.19 1 1
be12/mentutor/features/admin/services/logic.go:97.2,97.22 1 1
be12/mentutor/features/admin/services/logic.go:104.2,106.16 3 1
be12/mentutor/features/admin/services/logic.go:111.2,114.28 3 1
be12/mentutor/features/admin/services/logic.go:28.21,31.3 2 1
be12/mentutor/features/admin/services/logic.go:34.32,35.25 1 1
be12/mentutor/features/admin/services/logic.go:35.25,38.4 2 1
be12/mentutor/features/admin/services/logic.go:40.52,42.3 1 1
be12/mentutor/features/admin/services/logic.go:42.8,42.103 1 1
be12/mentutor/features/admin/services/logic.go:42.103,44.3 1 1
be12/mentutor/features/admin/services/logic.go:47.48,49.3 1 1
be12/mentutor/features/admin/services/logic.go:51.31,52.33 1 1
be12/mentutor/features/admin/services/logic.go:52.33,54.4 1 1
be12/mentutor/features/admin/services/logic.go:54.9,54.41 1 1
be12/mentutor/features/admin/services/logic.go:54.41,56.4 1 1
be12/mentutor/features/admin/services/logic.go:56.9,56.41 1 1
be12/mentutor/features/admin/services/logic.go:56.41,58.4 1 1
be12/mentutor/features/admin/services/logic.go:58.9,60.4 1 1
be12/mentutor/features/admin/services/logic.go:63.15,65.3 1 1
be12/mentutor/features/admin/services/logic.go:65.8,65.22 1 1
be12/mentutor/features/admin/services/logic.go:65.22,67.3 1 1
be12/mentutor/features/admin/services/logic.go:67.8,67.23 1 1
be12/mentutor/features/admin/services/logic.go:67.23,69.3 1 1
be12/mentutor/features/admin/services/logic.go:69.8,69.22 1 1
be12/mentutor/features/admin/services/logic.go:69.22,71.3 1 1
be12/mentutor/features/admin/services/logic.go:77.35,78.33 1 1
be12/mentutor/features/admin/services/logic.go:78.33,80.4 1 1
be12/mentutor/features/admin/services/logic.go:80.9,80.40 1 1
be12/mentutor/features/admin/services/logic.go:80.40,82.4 1 1
be12/mentutor/features/admin/services/logic.go:82.9,82.41 1 1
be12/mentutor/features/admin/services/logic.go:82.41,84.4 1 1
be12/mentutor/features/admin/services/logic.go:84.9,84.40 1 1
be12/mentutor/features/admin/services/logic.go:84.40,86.4 1 1
be12/mentutor/features/admin/services/logic.go:86.9,86.62 1 1
be12/mentutor/features/admin/services/logic.go:86.62,88.4 1 1
be12/mentutor/features/admin/services/logic.go:90.19,92.3 1 1
be12/mentutor/features/admin/services/logic.go:92.8,92.26 1 1
be12/mentutor/features/admin/services/logic.go:92.26,94.3 1 1
be12/mentutor/features/admin/services/logic.go:94.8,94.27 1 1
be12/mentutor/features/admin/services/logic.go:94.27,96.3 1 1
be12/mentutor/features/admin/services/logic.go:97.22,99.3 1 1
be12/mentutor/features/admin/services/logic.go:99.8,99.64 1 1
be12/mentutor/features/admin/services/logic.go:99.64,101.3 1 1
be12/mentutor/features/admin/services/logic.go:106.16,108.3 1 1
be12/mentutor/features/admin/services/logic.go:114.28,116.17 2 1
be12/mentutor/features/admin/services/logic.go:116.17,118.4 1 1
be12/mentutor/features/admin/services/logic.go:118.9,120.4 1 1
be12/mentutor/features/admin/services/logic.go:121.8,123.17 2 1
be12/mentutor/features/admin/services/logic.go:123.17,126.4 2 1
be12/mentutor/features/admin/services/logic.go:126.9,128.4 1 1
be12/mentutor/features/admin/services/logic.go:132.93,134.21 1 1
be12/mentutor/features/admin/services/logic.go:138.2,139.16 2 1
be12/mentutor/features/admin/services/logic.go:142.2,142.34 1 1
be12/mentutor/features/admin/services/logic.go:134.21,136.3 1 1
be12/mentutor/features/admin/services/logic.go:139.16,141.3 1 1
be12/mentutor/features/admin/services/logic.go:145.79,147.21 1 1
be12/mentutor/features/admin/services/logic.go:151.2,152.16 2 1
be12/mentutor/features/admin/services/logic.go:155.2,155.12 1 1
be12/mentutor/features/admin/services/logic.go:147.21,149.3 1 1
be12/mentutor/features/admin/services/logic.go:152.16,154.3 1 1
be12/mentutor/features/admin/services/logic.go:158.77,160.21 1 1
be12/mentutor/features/admin/services/logic.go:164.2,165.16 2 1
be12/mentutor/features/admin/services/logic.go:169.2,169.17 1 1
be12/mentutor/features/admin/services/logic.go:160.21,162.3 1 1
be12/mentutor/features/admin/services/logic.go:165.16,167.3 1 1
be12/mentutor/features/admin/services/logic.go:172.100,174.21 1 1
be12/mentutor/features/admin/services/logic.go:179.2,179.22 1 1
be12/mentutor/features/admin/services/logic.go:211.2,211.23 1 1
be12/mentutor/features/admin/services/logic.go:227.2,227.25 1 1
be12/mentutor/features/admin/services/logic.go:261.2,261.23 1 1
be12/mentutor/features/admin/services/logic.go:270.2,270.25 1 1
be12/mentutor/features/admin/services/logic.go:283.2,283.30 1 0
be12/mentutor/features/admin/services/logic.go:174.21,176.3 1 1
be12/mentutor/features/admin/services/logic.go:179.22,180.49 1 1
be12/mentutor/features/admin/services/logic.go:183.3,184.32 2 1
be12/mentutor/features/admin/services/logic.go:197.3,197.16 1 1
be12/mentutor/features/admin/services/logic.go:180.49,182.4 1 1
be12/mentutor/features/admin/services/logic.go:184.32,185.34 1 1
be12/mentutor/features/admin/services/logic.go:185.34,187.5 1 1
be12/mentutor/features/admin/services/logic.go:187.10,187.42 1 1
be12/mentutor/features/admin/services/logic.go:187.42,189.5 1 1
be12/mentutor/features/admin/services/logic.go:189.10,189.42 1 1
be12/mentutor/features/admin/services/logic.go:189.42,191.5 1 1
be12/mentutor/features/admin/services/logic.go:191.10,191.32 1 1
be12/mentutor/features/admin/services/logic.go:191.32,193.5 1 1
be12/mentutor/features/admin/services/logic.go:193.10,193.32 1 1
be12/mentutor/features/admin/services/logic.go:193.32,195.5 1 1
be12/mentutor/features/admin/services/logic.go:197.16,199.4 1 1
be12/mentutor/features/admin/services/logic.go:199.9,199.23 1 1
be12/mentutor/features/admin/services/logic.go:199.23,201.4 1 1
be12/mentutor/features/admin/services/logic.go:201.9,201.24 1 1
be12/mentutor/features/admin/services/logic.go:201.24,203.4 1 1
be12/mentutor/features/admin/services/logic.go:203.9,203.23 1 1
be12/mentutor/features/admin/services/logic.go:203.23,205.4 1 1
be12/mentutor/features/admin/services/logic.go:205.9,205.23 1 1
be12/mentutor/features/admin/services/logic.go:205.23,207.4 1 1
be12/mentutor/features/admin/services/logic.go:211.23,212.33 1 1
be12/mentutor/features/admin/services/logic.go:218.3,218.53 1 1
be12/mentutor/features/admin/services/logic.go:212.33,213.26 1 1
be12/mentutor/features/admin/services/logic.go:213.26,216.5 2 1
be12/mentutor/features/admin/services/logic.go:218.53,220.4 1 1
be12/mentutor/features/admin/services/logic.go:220.9,220.104 1 1
be12/mentutor/features/admin/services/logic.go:220.104,222.4 1 1
be12/mentutor/features/admin/services/logic.go:227.25,230.36 3 1
be12/mentutor/features/admin/services/logic.go:243.3,243.20 1 1
be12/mentutor/features/admin/services/logic.go:250.3,250.23 1 1
be12/mentutor/features/admin/services/logic.go:256.3,257.36 2 1
be12/mentutor/features/admin/services/logic.go:230.36,231.34 1 1
be12/mentutor/features/admin/services/logic.go:231.34,233.5 1 1
be12/mentutor/features/admin/services/logic.go:233.10,233.41 1 1
be12/mentutor/features/admin/services/logic.go:233.41,235.5 1 1
be12/mentutor/features/admin/services/logic.go:235.10,235.42 1 1
be12/mentutor/features/admin/services/logic.go:235.42,237.5 1 1
be12/mentutor/features/admin/services/logic.go:237.10,237.41 1 1
be12/mentutor/features/admin/services/logic.go:237.41,239.5 1 1
be12/mentutor/features/admin/services/logic.go:239.10,239.57 1 1
be12/mentutor/features/admin/services/logic.go:239.57,241.5 1 1
be12/mentutor/features/admin/services/logic.go:243.20,245.4 1 1
be12/mentutor/features/admin/services/logic.go:245.9,245.27 1 1
be12/mentutor/features/admin/services/logic.go:245.27,247.4 1 1
be12/mentutor/features/admin/services/logic.go:247.9,247.28 1 1
be12/mentutor/features/admin/services/logic.go:247.28,249.4 1 1
be12/mentutor/features/admin/services/logic.go:250.23,252.4 1 1
be12/mentutor/features/admin/services/logic.go:252.9,252.65 1 1
be12/mentutor/features/admin/services/logic.go:252.65,254.4 1 1
be12/mentutor/features/admin/services/logic.go:261.23,264.17 3 1
be12/mentutor/features/admin/services/logic.go:264.17,266.4 1 1
be12/mentutor/features/admin/services/logic.go:270.25,272.17 2 1
be12/mentutor/features/admin/services/logic.go:275.3,275.18 1 1
be12/mentutor/features/admin/services/logic.go:272.17,274.4 1 1
be12/mentutor/features/admin/services/logic.go:276.8,276.32 1 1
be12/mentutor/features/admin/services/logic.go:276.32,278.17 2 1
be12/mentutor/features/admin/services/logic.go:281.3,281.18 1 1
be12/mentutor/features/admin/services/logic.go:278.17,280.4 1 1
be12/mentutor/features/admin/services/logic.go:286.66,288.21 1 1
be12/mentutor/features/admin/services/logic.go:292.2,292.15 1 1
be12/mentutor/features/admin/services/logic.go:306.2,306.40 1 0
be12/mentutor/features/admin/services/logic.go:288.21,290.3 1 1
be12/mentutor/features/admin/services/logic.go:292.15,294.17 2 1
be12/mentutor/features/admin/services/logic.go:298.3,298.13 1 1
be12/mentutor/features/admin/services/logic.go:294.17,297.4 2 1
be12/mentutor/features/admin/services/logic.go:299.8,299.23 1 1
be12/mentutor/features/admin/services/logic.go:299.23,301.17 2 1
be12/mentutor/features/admin/services/logic.go:304.3,304.13 1 1
be12/mentutor/features/admin/services/logic.go:301.17,303.4 1 1
be12/mentutor/features/admin/services/logic.go:309.85,311.21 1 1
be12/mentutor/features/admin/services/logic.go:315.2,315.15 1 1
be12/mentutor/features/admin/services/logic.go:328.2,328.58 1 0
be12/mentutor/features/admin/services/logic.go:311.21,313.3 1 1
be12/mentutor/features/admin/services/logic.go:315.15,317.17 2 1
be12/mentutor/features/admin/services/logic.go:320.3,320.18 1 1
be12/mentutor/features/admin/services/logic.go:317.17,319.4 1 1
be12/mentutor/features/admin/services/logic.go:321.8,321.23 1 1
be12/mentutor/features/admin/services/logic.go:321.23,323.17 2 1
be12/mentutor/features/admin/services/logic.go:326.3,326.18 1 1
be12/mentutor/features/admin/services/logic.go:323.17,325.4 1 1
be12/mentutor/features/admin/services/logic.go:331.98,333.21 1 1
be12/mentutor/features/admin/services/logic.go:337.2,338.16 2 1
be12/mentutor/features/admin/services/logic.go:341.2,341.17 1 1
be12/mentutor/features/admin/services/logic.go:333.21,335.3 1 1
be12/mentutor/features/admin/services/logic.go:338.16,340.3 1 1
be12/mentutor/features/admin/services/logic.go:344.65,346.21 1 1
be12/mentutor/features/admin/services/logic.go:350.2,351.16 2 1
be12/mentutor/features/admin/services/logic.go:354.2,354.12 1 1
be12/mentutor/features/admin/services/logic.go:346.21,348.3 1 1
be12/mentutor/features/admin/services/logic.go:351.16,353.3 1 1
